{"numTotalTestSuites":428,"numPassedTestSuites":428,"numFailedTestSuites":0,"numPendingTestSuites":0,"numTotalTests":1154,"numPassedTests":1154,"numFailedTests":0,"numPendingTests":0,"numTodoTests":0,"snapshot":{"added":0,"failure":false,"filesAdded":0,"filesRemoved":0,"filesRemovedList":[],"filesUnmatched":0,"filesUpdated":0,"matched":0,"total":0,"unchecked":0,"uncheckedKeysByFile":[],"unmatched":0,"updated":0,"didUpdate":false},"startTime":1759749952056,"success":true,"testResults":[{"assertionResults":[{"ancestorTitles":["App.tsx"],"fullName":"App.tsx renders without crashing (shows Home by default)","status":"passed","title":"renders without crashing (shows Home by default)","duration":21.88870899999938,"failureMessages":[],"meta":{}},{"ancestorTitles":["App.tsx"],"fullName":"App.tsx routes between Home and Main app states","status":"passed","title":"routes between Home and Main app states","duration":18.95275000000038,"failureMessages":[],"meta":{}},{"ancestorTitles":["App.tsx"],"fullName":"App.tsx handles startup errors without crashing (logs error and stays on Home)","status":"passed","title":"handles startup errors without crashing (logs error and stays on Home)","duration":3.7596669999993537,"failureMessages":[],"meta":{}},{"ancestorTitles":["App.tsx"],"fullName":"App.tsx displays tab bar when a project is opened","status":"passed","title":"displays tab bar when a project is opened","duration":11.471125000000029,"failureMessages":[],"meta":{}},{"ancestorTitles":["App.tsx","Spec Starting"],"fullName":"App.tsx Spec Starting handles schaltwerk:start-agent-from-spec event by prefilling new session modal","status":"passed","title":"handles schaltwerk:start-agent-from-spec event by prefilling new session modal","duration":3.545333000000028,"failureMessages":[],"meta":{}},{"ancestorTitles":["App.tsx","Spec Starting"],"fullName":"App.tsx Spec Starting sets up event listeners for spec starting functionality","status":"passed","title":"sets up event listeners for spec starting functionality","duration":2.234584000000723,"failureMessages":[],"meta":{}},{"ancestorTitles":["validatePanelPercentage"],"fullName":"validatePanelPercentage should return default value when input is null","status":"passed","title":"should return default value when input is null","duration":0.11304199999995035,"failureMessages":[],"meta":{}},{"ancestorTitles":["validatePanelPercentage"],"fullName":"validatePanelPercentage should return default value when input is empty string","status":"passed","title":"should return default value when input is empty string","duration":0.04204200000003766,"failureMessages":[],"meta":{}},{"ancestorTitles":["validatePanelPercentage"],"fullName":"validatePanelPercentage should return valid percentage when input is valid","status":"passed","title":"should return valid percentage when input is valid","duration":0.06199999999989814,"failureMessages":[],"meta":{}},{"ancestorTitles":["validatePanelPercentage"],"fullName":"validatePanelPercentage should return default value when input is zero","status":"passed","title":"should return default value when input is zero","duration":0.04512499999964348,"failureMessages":[],"meta":{}},{"ancestorTitles":["validatePanelPercentage"],"fullName":"validatePanelPercentage should return default value when input is 100 or greater","status":"passed","title":"should return default value when input is 100 or greater","duration":0.05208299999958399,"failureMessages":[],"meta":{}},{"ancestorTitles":["validatePanelPercentage"],"fullName":"validatePanelPercentage should return default value when input is negative","status":"passed","title":"should return default value when input is negative","duration":0.04100000000016735,"failureMessages":[],"meta":{}},{"ancestorTitles":["validatePanelPercentage"],"fullName":"validatePanelPercentage should return default value when input is not a number","status":"passed","title":"should return default value when input is not a number","duration":0.05095900000014808,"failureMessages":[],"meta":{}},{"ancestorTitles":["validatePanelPercentage"],"fullName":"validatePanelPercentage should handle decimal values correctly","status":"passed","title":"should handle decimal values correctly","duration":0.039416000000528584,"failureMessages":[],"meta":{}},{"ancestorTitles":["validatePanelPercentage"],"fullName":"validatePanelPercentage should work with different default values","status":"passed","title":"should work with different default values","duration":0.03958299999976589,"failureMessages":[],"meta":{}},{"ancestorTitles":["Multi-agent comparison logic"],"fullName":"Multi-agent comparison logic should assign correct agent types from agentTypes array","status":"passed","title":"should assign correct agent types from agentTypes array","duration":0.3076250000003711,"failureMessages":[],"meta":{}},{"ancestorTitles":["Multi-agent comparison logic"],"fullName":"Multi-agent comparison logic should use agentType when agentTypes array is not provided","status":"passed","title":"should use agentType when agentTypes array is not provided","duration":0.0785409999998592,"failureMessages":[],"meta":{}}],"startTime":1759749955933,"endTime":1759749955996.3076,"status":"passed","message":"","name":"/Users/marius.wichtner/Documents/git/schaltwerk/.schaltwerk/worktrees/sharp_easley/src/App.test.tsx"},{"assertionResults":[{"ancestorTitles":["main.tsx entry"],"fullName":"main.tsx entry initializes React root and renders App tree","status":"passed","title":"initializes React root and renders App tree","duration":19.379500000000007,"failureMessages":[],"meta":{}},{"ancestorTitles":["main.tsx entry"],"fullName":"main.tsx entry handles missing root element by failing fast","status":"passed","title":"handles missing root element by failing fast","duration":4.845250000000306,"failureMessages":[],"meta":{}},{"ancestorTitles":["main.tsx entry"],"fullName":"main.tsx entry works with a mocked DOM element availability","status":"passed","title":"works with a mocked DOM element availability","duration":4.4053750000002765,"failureMessages":[],"meta":{}}],"startTime":1759749957210,"endTime":1759749957238.4053,"status":"passed","message":"","name":"/Users/marius.wichtner/Documents/git/schaltwerk/.schaltwerk/worktrees/sharp_easley/src/main.test.tsx"},{"assertionResults":[{"ancestorTitles":["agentSpawn","computeProjectOrchestratorId"],"fullName":"agentSpawn computeProjectOrchestratorId returns null for null/undefined project path","status":"passed","title":"returns null for null/undefined project path","duration":0.791374999999789,"failureMessages":[],"meta":{}},{"ancestorTitles":["agentSpawn","computeProjectOrchestratorId"],"fullName":"agentSpawn computeProjectOrchestratorId generates consistent orchestrator ID for same project path","status":"passed","title":"generates consistent orchestrator ID for same project path","duration":0.18408300000010058,"failureMessages":[],"meta":{}},{"ancestorTitles":["agentSpawn","computeProjectOrchestratorId"],"fullName":"agentSpawn computeProjectOrchestratorId handles paths with special characters","status":"passed","title":"handles paths with special characters","duration":0.08362499999930151,"failureMessages":[],"meta":{}},{"ancestorTitles":["agentSpawn","computeProjectOrchestratorId"],"fullName":"agentSpawn computeProjectOrchestratorId generates different IDs for different project paths","status":"passed","title":"generates different IDs for different project paths","duration":0.27787500000067666,"failureMessages":[],"meta":{}},{"ancestorTitles":["agentSpawn","computeProjectOrchestratorId"],"fullName":"agentSpawn computeProjectOrchestratorId uses last path segment as base name","status":"passed","title":"uses last path segment as base name","duration":0.0637910000004922,"failureMessages":[],"meta":{}},{"ancestorTitles":["agentSpawn","computeSpawnSize"],"fullName":"agentSpawn computeSpawnSize applies guard columns to measured size","status":"passed","title":"applies guard columns to measured size","duration":0.15308300000015151,"failureMessages":[],"meta":{}},{"ancestorTitles":["agentSpawn","computeSpawnSize"],"fullName":"agentSpawn computeSpawnSize does not modify rows when applying measured size","status":"passed","title":"does not modify rows when applying measured size","duration":0.06420799999978044,"failureMessages":[],"meta":{}},{"ancestorTitles":["agentSpawn","computeSpawnSize"],"fullName":"agentSpawn computeSpawnSize falls back to bootstrap size when no measured size","status":"passed","title":"falls back to bootstrap size when no measured size","duration":0.5066249999999854,"failureMessages":[],"meta":{}},{"ancestorTitles":["agentSpawn","computeSpawnSize"],"fullName":"agentSpawn computeSpawnSize passes projectOrchestratorId to bootstrap size","status":"passed","title":"passes projectOrchestratorId to bootstrap size","duration":0.10270800000034797,"failureMessages":[],"meta":{}},{"ancestorTitles":["agentSpawn","computeSpawnSize"],"fullName":"agentSpawn computeSpawnSize enforces minimum column size","status":"passed","title":"enforces minimum column size","duration":0.07179199999973207,"failureMessages":[],"meta":{}},{"ancestorTitles":["agentSpawn","computeSpawnSize"],"fullName":"agentSpawn computeSpawnSize handles partial measured size (missing rows)","status":"passed","title":"handles partial measured size (missing rows)","duration":0.08474999999998545,"failureMessages":[],"meta":{}},{"ancestorTitles":["agentSpawn","computeSpawnSize"],"fullName":"agentSpawn computeSpawnSize handles partial measured size (missing cols)","status":"passed","title":"handles partial measured size (missing cols)","duration":0.060416999999688414,"failureMessages":[],"meta":{}},{"ancestorTitles":["agentSpawn","startSessionTop"],"fullName":"agentSpawn startSessionTop skips start if already inflight","status":"passed","title":"skips start if already inflight","duration":0.10837499999979627,"failureMessages":[],"meta":{}},{"ancestorTitles":["agentSpawn","startSessionTop"],"fullName":"agentSpawn startSessionTop marks background start before invoking","status":"passed","title":"marks background start before invoking","duration":0.17104199999994307,"failureMessages":[],"meta":{}},{"ancestorTitles":["agentSpawn","startSessionTop"],"fullName":"agentSpawn startSessionTop uses measured size when provided","status":"passed","title":"uses measured size when provided","duration":0.08550000000013824,"failureMessages":[],"meta":{}},{"ancestorTitles":["agentSpawn","startSessionTop"],"fullName":"agentSpawn startSessionTop passes projectOrchestratorId to size computation","status":"passed","title":"passes projectOrchestratorId to size computation","duration":0.07195899999987887,"failureMessages":[],"meta":{}},{"ancestorTitles":["agentSpawn","startSessionTop"],"fullName":"agentSpawn startSessionTop cleans up background start mark on error","status":"passed","title":"cleans up background start mark on error","duration":0.5466669999996157,"failureMessages":[],"meta":{}},{"ancestorTitles":["agentSpawn","startSessionTop"],"fullName":"agentSpawn startSessionTop continues to throw error after cleanup","status":"passed","title":"continues to throw error after cleanup","duration":0.08700000000044383,"failureMessages":[],"meta":{}},{"ancestorTitles":["agentSpawn","startSessionTop"],"fullName":"agentSpawn startSessionTop ignores cleanup errors during error handling","status":"passed","title":"ignores cleanup errors during error handling","duration":0.09512499999982538,"failureMessages":[],"meta":{}},{"ancestorTitles":["agentSpawn","startOrchestratorTop"],"fullName":"agentSpawn startOrchestratorTop skips start if already inflight","status":"passed","title":"skips start if already inflight","duration":0.08525000000008731,"failureMessages":[],"meta":{}},{"ancestorTitles":["agentSpawn","startOrchestratorTop"],"fullName":"agentSpawn startOrchestratorTop invokes orchestrator start command","status":"passed","title":"invokes orchestrator start command","duration":0.07766600000013568,"failureMessages":[],"meta":{}},{"ancestorTitles":["agentSpawn","startOrchestratorTop"],"fullName":"agentSpawn startOrchestratorTop applies guard columns to measured size","status":"passed","title":"applies guard columns to measured size","duration":0.06629200000043056,"failureMessages":[],"meta":{}},{"ancestorTitles":["agentSpawn","startOrchestratorTop"],"fullName":"agentSpawn startOrchestratorTop cleans up background start mark on error","status":"passed","title":"cleans up background start mark on error","duration":0.10433300000022427,"failureMessages":[],"meta":{}},{"ancestorTitles":["agentSpawn","RIGHT_EDGE_GUARD_COLUMNS constant"],"fullName":"agentSpawn RIGHT_EDGE_GUARD_COLUMNS constant has expected value","status":"passed","title":"has expected value","duration":0.029667000000699772,"failureMessages":[],"meta":{}},{"ancestorTitles":["agentSpawn","RIGHT_EDGE_GUARD_COLUMNS constant"],"fullName":"agentSpawn RIGHT_EDGE_GUARD_COLUMNS constant is used consistently in computeSpawnSize","status":"passed","title":"is used consistently in computeSpawnSize","duration":0.03541700000005221,"failureMessages":[],"meta":{}}],"startTime":1759749959769,"endTime":1759749959773.1042,"status":"passed","message":"","name":"/Users/marius.wichtner/Documents/git/schaltwerk/.schaltwerk/worktrees/sharp_easley/src/common/agentSpawn.test.ts"},{"assertionResults":[{"ancestorTitles":["color utilities"],"fullName":"color utilities converts hex to rgb array","status":"passed","title":"converts hex to rgb array","duration":0.7750000000014552,"failureMessages":[],"meta":{}},{"ancestorTitles":["color utilities"],"fullName":"color utilities returns rgba string with provided opacity","status":"passed","title":"returns rgba string with provided opacity","duration":0.14037499999903957,"failureMessages":[],"meta":{}},{"ancestorTitles":["color utilities"],"fullName":"color utilities formats RGB tuples for CSS variables","status":"passed","title":"formats RGB tuples for CSS variables","duration":0.05925000000024738,"failureMessages":[],"meta":{}}],"startTime":1759749960986,"endTime":1759749960987.0593,"status":"passed","message":"","name":"/Users/marius.wichtner/Documents/git/schaltwerk/.schaltwerk/worktrees/sharp_easley/src/common/colorUtils.test.ts"},{"assertionResults":[{"ancestorTitles":["terminalSizeCache","recordTerminalSize"],"fullName":"terminalSizeCache recordTerminalSize records terminal size with timestamp","status":"passed","title":"records terminal size with timestamp","duration":1.3927919999996448,"failureMessages":[],"meta":{}},{"ancestorTitles":["terminalSizeCache","recordTerminalSize"],"fullName":"terminalSizeCache recordTerminalSize overwrites previous size for same terminal ID","status":"passed","title":"overwrites previous size for same terminal ID","duration":0.1753340000004755,"failureMessages":[],"meta":{}},{"ancestorTitles":["terminalSizeCache","recordTerminalSize"],"fullName":"terminalSizeCache recordTerminalSize stores different sizes for different terminal IDs","status":"passed","title":"stores different sizes for different terminal IDs","duration":0.15854200000012497,"failureMessages":[],"meta":{}},{"ancestorTitles":["terminalSizeCache","getTerminalSize"],"fullName":"terminalSizeCache getTerminalSize returns null for non-existent terminal ID","status":"passed","title":"returns null for non-existent terminal ID","duration":0.10137500000018917,"failureMessages":[],"meta":{}},{"ancestorTitles":["terminalSizeCache","getTerminalSize"],"fullName":"terminalSizeCache getTerminalSize returns null for expired entries","status":"passed","title":"returns null for expired entries","duration":0.10033299999940937,"failureMessages":[],"meta":{}},{"ancestorTitles":["terminalSizeCache","getTerminalSize"],"fullName":"terminalSizeCache getTerminalSize returns valid size within TTL period","status":"passed","title":"returns valid size within TTL period","duration":0.10487499999999272,"failureMessages":[],"meta":{}},{"ancestorTitles":["terminalSizeCache","getTerminalSize"],"fullName":"terminalSizeCache getTerminalSize cleans up expired entries automatically","status":"passed","title":"cleans up expired entries automatically","duration":0.09804199999962293,"failureMessages":[],"meta":{}},{"ancestorTitles":["terminalSizeCache","bestBootstrapSize"],"fullName":"terminalSizeCache bestBootstrapSize returns exact match when topId exists in cache","status":"passed","title":"returns exact match when topId exists in cache","duration":0.1633750000000873,"failureMessages":[],"meta":{}},{"ancestorTitles":["terminalSizeCache","bestBootstrapSize"],"fullName":"terminalSizeCache bestBootstrapSize returns orchestrator size when available and no exact match","status":"passed","title":"returns orchestrator size when available and no exact match","duration":0.11579100000017206,"failureMessages":[],"meta":{}},{"ancestorTitles":["terminalSizeCache","bestBootstrapSize"],"fullName":"terminalSizeCache bestBootstrapSize prefers exact match over orchestrator","status":"passed","title":"prefers exact match over orchestrator","duration":0.12849999999980355,"failureMessages":[],"meta":{}},{"ancestorTitles":["terminalSizeCache","bestBootstrapSize"],"fullName":"terminalSizeCache bestBootstrapSize falls back to any top terminal when no exact/orchestrator match","status":"passed","title":"falls back to any top terminal when no exact/orchestrator match","duration":0.09587499999997817,"failureMessages":[],"meta":{}},{"ancestorTitles":["terminalSizeCache","bestBootstrapSize"],"fullName":"terminalSizeCache bestBootstrapSize ignores bottom terminals in fallback search","status":"passed","title":"ignores bottom terminals in fallback search","duration":0.11024999999972351,"failureMessages":[],"meta":{}},{"ancestorTitles":["terminalSizeCache","bestBootstrapSize"],"fullName":"terminalSizeCache bestBootstrapSize uses viewport-derived size when no cached sizes available","status":"passed","title":"uses viewport-derived size when no cached sizes available","duration":0.21808299999975134,"failureMessages":[],"meta":{}},{"ancestorTitles":["terminalSizeCache","bestBootstrapSize"],"fullName":"terminalSizeCache bestBootstrapSize enforces minimum size constraints","status":"passed","title":"enforces minimum size constraints","duration":0.09358399999928224,"failureMessages":[],"meta":{}},{"ancestorTitles":["terminalSizeCache","bestBootstrapSize"],"fullName":"terminalSizeCache bestBootstrapSize enforces maximum size constraints","status":"passed","title":"enforces maximum size constraints","duration":0.08825000000069849,"failureMessages":[],"meta":{}},{"ancestorTitles":["terminalSizeCache","bestBootstrapSize"],"fullName":"terminalSizeCache bestBootstrapSize adds safety margin to cached sizes","status":"passed","title":"adds safety margin to cached sizes","duration":0.08966700000019046,"failureMessages":[],"meta":{}},{"ancestorTitles":["terminalSizeCache","bestBootstrapSize"],"fullName":"terminalSizeCache bestBootstrapSize handles window undefined gracefully","status":"passed","title":"handles window undefined gracefully","duration":0.10849999999936699,"failureMessages":[],"meta":{}},{"ancestorTitles":["terminalSizeCache","bestBootstrapSize"],"fullName":"terminalSizeCache bestBootstrapSize cleans up expired entries during fallback search","status":"passed","title":"cleans up expired entries during fallback search","duration":0.10316700000021228,"failureMessages":[],"meta":{}},{"ancestorTitles":["terminalSizeCache","bestBootstrapSize"],"fullName":"terminalSizeCache bestBootstrapSize ignores orchestrator ID when it does not exist","status":"passed","title":"ignores orchestrator ID when it does not exist","duration":0.07850000000053114,"failureMessages":[],"meta":{}},{"ancestorTitles":["terminalSizeCache","bestBootstrapSize"],"fullName":"terminalSizeCache bestBootstrapSize applies constraints after adding safety margin","status":"passed","title":"applies constraints after adding safety margin","duration":0.09425000000010186,"failureMessages":[],"meta":{}},{"ancestorTitles":["terminalSizeCache","cache TTL behavior"],"fullName":"terminalSizeCache cache TTL behavior respects 12-hour TTL period","status":"passed","title":"respects 12-hour TTL period","duration":0.08937500000047294,"failureMessages":[],"meta":{}},{"ancestorTitles":["terminalSizeCache","size constraints"],"fullName":"terminalSizeCache size constraints defines correct minimum and maximum bounds","status":"passed","title":"defines correct minimum and maximum bounds","duration":0.08699999999953434,"failureMessages":[],"meta":{}}],"startTime":1759749959761,"endTime":1759749959765.087,"status":"passed","message":"","name":"/Users/marius.wichtner/Documents/git/schaltwerk/.schaltwerk/worktrees/sharp_easley/src/common/terminalSizeCache.test.ts"},{"assertionResults":[{"ancestorTitles":["EntryAnimation"],"fullName":"EntryAnimation renders children immediately when not loading","status":"passed","title":"renders children immediately when not loading","duration":9.97308299999986,"failureMessages":[],"meta":{}}],"startTime":1759749958973,"endTime":1759749958982.9731,"status":"passed","message":"","name":"/Users/marius.wichtner/Documents/git/schaltwerk/.schaltwerk/worktrees/sharp_easley/src/components/EntryAnimation.test.tsx"},{"assertionResults":[{"ancestorTitles":["Tab"],"fullName":"Tab renders project name","status":"passed","title":"renders project name","duration":11.28545799999938,"failureMessages":[],"meta":{}},{"ancestorTitles":["Tab"],"fullName":"Tab shows full path in tooltip","status":"passed","title":"shows full path in tooltip","duration":1.8331250000001091,"failureMessages":[],"meta":{}},{"ancestorTitles":["Tab"],"fullName":"Tab applies active styles when active","status":"passed","title":"applies active styles when active","duration":1.8192920000001322,"failureMessages":[],"meta":{}},{"ancestorTitles":["Tab"],"fullName":"Tab applies inactive styles when not active","status":"passed","title":"applies inactive styles when not active","duration":1.0201669999996739,"failureMessages":[],"meta":{}},{"ancestorTitles":["Tab"],"fullName":"Tab calls onSelect when clicked","status":"passed","title":"calls onSelect when clicked","duration":2.269916000000194,"failureMessages":[],"meta":{}},{"ancestorTitles":["Tab"],"fullName":"Tab calls onClose when close button clicked","status":"passed","title":"calls onClose when close button clicked","duration":1.2894169999999576,"failureMessages":[],"meta":{}},{"ancestorTitles":["Tab"],"fullName":"Tab truncates long project names","status":"passed","title":"truncates long project names","duration":1.0059590000000753,"failureMessages":[],"meta":{}}],"startTime":1759749958077,"endTime":1759749958097.0059,"status":"passed","message":"","name":"/Users/marius.wichtner/Documents/git/schaltwerk/.schaltwerk/worktrees/sharp_easley/src/components/Tab.test.tsx"},{"assertionResults":[{"ancestorTitles":["TabBar"],"fullName":"TabBar renders all tabs","status":"passed","title":"renders all tabs","duration":13.857084000000214,"failureMessages":[],"meta":{}},{"ancestorTitles":["TabBar"],"fullName":"TabBar returns null when no tabs","status":"passed","title":"returns null when no tabs","duration":0.6562920000005761,"failureMessages":[],"meta":{}},{"ancestorTitles":["TabBar"],"fullName":"TabBar marks correct tab as active","status":"passed","title":"marks correct tab as active","duration":2.811999999999898,"failureMessages":[],"meta":{}},{"ancestorTitles":["TabBar"],"fullName":"TabBar calls onSelectTab with correct path when tab clicked","status":"passed","title":"calls onSelectTab with correct path when tab clicked","duration":3.4252089999999953,"failureMessages":[],"meta":{}},{"ancestorTitles":["TabBar"],"fullName":"TabBar calls onCloseTab with correct path when close button clicked","status":"passed","title":"calls onCloseTab with correct path when close button clicked","duration":2.6001249999999345,"failureMessages":[],"meta":{}},{"ancestorTitles":["TabBar"],"fullName":"TabBar renders tabs in provided order","status":"passed","title":"renders tabs in provided order","duration":3.0816670000003796,"failureMessages":[],"meta":{}},{"ancestorTitles":["TabBar"],"fullName":"TabBar handles no active tab gracefully","status":"passed","title":"handles no active tab gracefully","duration":1.8464169999997466,"failureMessages":[],"meta":{}}],"startTime":1759749957437,"endTime":1759749957465.8464,"status":"passed","message":"","name":"/Users/marius.wichtner/Documents/git/schaltwerk/.schaltwerk/worktrees/sharp_easley/src/components/TabBar.test.tsx"},{"assertionResults":[{"ancestorTitles":["Action buttons color updates reflect in UI after save"],"fullName":"Action buttons color updates reflect in UI after save applies updated color after saving","status":"passed","title":"applies updated color after saving","duration":20.066083000000617,"failureMessages":[],"meta":{}},{"ancestorTitles":["Action buttons color updates reflect in UI after save"],"fullName":"Action buttons color updates reflect in UI after save resetToDefaults seeds Squash Merge Main default action via backend","status":"passed","title":"resetToDefaults seeds Squash Merge Main default action via backend","duration":3.4056250000003274,"failureMessages":[],"meta":{}}],"startTime":1759749957685,"endTime":1759749957708.4055,"status":"passed","message":"","name":"/Users/marius.wichtner/Documents/git/schaltwerk/.schaltwerk/worktrees/sharp_easley/src/contexts/ActionButtonsColorUpdate.test.tsx"},{"assertionResults":[{"ancestorTitles":["ActionButtonsContext"],"fullName":"ActionButtonsContext loads action buttons when project path is provided","status":"passed","title":"loads action buttons when project path is provided","duration":14.735458000000108,"failureMessages":[],"meta":{}},{"ancestorTitles":["ActionButtonsContext"],"fullName":"ActionButtonsContext does not load action buttons when no project path","status":"passed","title":"does not load action buttons when no project path","duration":2.4650839999994787,"failureMessages":[],"meta":{}},{"ancestorTitles":["ActionButtonsContext"],"fullName":"ActionButtonsContext reloads action buttons when project changes","status":"passed","title":"reloads action buttons when project changes","duration":7.61095800000021,"failureMessages":[],"meta":{}}],"startTime":1759749957663,"endTime":1759749957687.6108,"status":"passed","message":"","name":"/Users/marius.wichtner/Documents/git/schaltwerk/.schaltwerk/worktrees/sharp_easley/src/contexts/ActionButtonsContext.test.tsx"},{"assertionResults":[{"ancestorTitles":["FocusContext"],"fullName":"FocusContext defaults to claude for unknown sessions","status":"passed","title":"defaults to claude for unknown sessions","duration":6.052834000000075,"failureMessages":[],"meta":{}},{"ancestorTitles":["FocusContext"],"fullName":"FocusContext sets focus per session and updates currentFocus","status":"passed","title":"sets focus per session and updates currentFocus","duration":1.2280829999999696,"failureMessages":[],"meta":{}}],"startTime":1759749959573,"endTime":1759749959580.228,"status":"passed","message":"","name":"/Users/marius.wichtner/Documents/git/schaltwerk/.schaltwerk/worktrees/sharp_easley/src/contexts/FocusContext.test.tsx"},{"assertionResults":[{"ancestorTitles":["FontSizeContext"],"fullName":"FontSizeContext provides default font sizes","status":"passed","title":"provides default font sizes","duration":13.305083000000195,"failureMessages":[],"meta":{}},{"ancestorTitles":["FontSizeContext"],"fullName":"FontSizeContext increases font sizes when increase function is called","status":"passed","title":"increases font sizes when increase function is called","duration":2.7753750000001673,"failureMessages":[],"meta":{}},{"ancestorTitles":["FontSizeContext"],"fullName":"FontSizeContext decreases font sizes when decrease function is called","status":"passed","title":"decreases font sizes when decrease function is called","duration":1.288166000000274,"failureMessages":[],"meta":{}},{"ancestorTitles":["FontSizeContext"],"fullName":"FontSizeContext resets font sizes when reset function is called","status":"passed","title":"resets font sizes when reset function is called","duration":1.4280420000004597,"failureMessages":[],"meta":{}},{"ancestorTitles":["FontSizeContext"],"fullName":"FontSizeContext persists font sizes to database","status":"passed","title":"persists font sizes to database","duration":2.4921669999994265,"failureMessages":[],"meta":{}},{"ancestorTitles":["FontSizeContext"],"fullName":"FontSizeContext respects min and max font size limits","status":"passed","title":"respects min and max font size limits","duration":4.697707999999693,"failureMessages":[],"meta":{}},{"ancestorTitles":["FontSizeContext"],"fullName":"FontSizeContext allows setting individual font sizes","status":"passed","title":"allows setting individual font sizes","duration":0.9583750000001601,"failureMessages":[],"meta":{}}],"startTime":1759749957624,"endTime":1759749957650.9585,"status":"passed","message":"","name":"/Users/marius.wichtner/Documents/git/schaltwerk/.schaltwerk/worktrees/sharp_easley/src/contexts/FontSizeContext.test.tsx"},{"assertionResults":[{"ancestorTitles":["Project Switching Selection Behavior","Basic Selection Functionality"],"fullName":"Project Switching Selection Behavior Basic Selection Functionality should start with orchestrator selection","status":"passed","title":"should start with orchestrator selection","duration":15.267582999999831,"failureMessages":[],"meta":{}},{"ancestorTitles":["Project Switching Selection Behavior","Basic Selection Functionality"],"fullName":"Project Switching Selection Behavior Basic Selection Functionality should allow setting a session selection","status":"passed","title":"should allow setting a session selection","duration":5.413958999999522,"failureMessages":[],"meta":{}},{"ancestorTitles":["Project Switching Selection Behavior","Basic Selection Functionality"],"fullName":"Project Switching Selection Behavior Basic Selection Functionality should handle switching to the same project gracefully","status":"passed","title":"should handle switching to the same project gracefully","duration":5.770042000000103,"failureMessages":[],"meta":{}},{"ancestorTitles":["Project Switching Selection Behavior","Basic Selection Functionality"],"fullName":"Project Switching Selection Behavior Basic Selection Functionality should handle null project path gracefully","status":"passed","title":"should handle null project path gracefully","duration":3.9621250000000146,"failureMessages":[],"meta":{}},{"ancestorTitles":["Project Switching Selection Behavior","Project Switching Boundary Constraints","Boundary Logic Unit Tests"],"fullName":"Project Switching Selection Behavior Project Switching Boundary Constraints Boundary Logic Unit Tests should not switch when at first project and going prev","status":"passed","title":"should not switch when at first project and going prev","duration":0.2055000000000291,"failureMessages":[],"meta":{}},{"ancestorTitles":["Project Switching Selection Behavior","Project Switching Boundary Constraints","Boundary Logic Unit Tests"],"fullName":"Project Switching Selection Behavior Project Switching Boundary Constraints Boundary Logic Unit Tests should not switch when at last project and going next","status":"passed","title":"should not switch when at last project and going next","duration":0.07283300000017334,"failureMessages":[],"meta":{}},{"ancestorTitles":["Project Switching Selection Behavior","Project Switching Boundary Constraints","Boundary Logic Unit Tests"],"fullName":"Project Switching Selection Behavior Project Switching Boundary Constraints Boundary Logic Unit Tests should switch from middle to prev project","status":"passed","title":"should switch from middle to prev project","duration":0.2985420000004524,"failureMessages":[],"meta":{}},{"ancestorTitles":["Project Switching Selection Behavior","Project Switching Boundary Constraints","Boundary Logic Unit Tests"],"fullName":"Project Switching Selection Behavior Project Switching Boundary Constraints Boundary Logic Unit Tests should switch from middle to next project","status":"passed","title":"should switch from middle to next project","duration":0.09816599999976461,"failureMessages":[],"meta":{}},{"ancestorTitles":["Project Switching Selection Behavior","Project Switching Boundary Constraints","Boundary Logic Unit Tests"],"fullName":"Project Switching Selection Behavior Project Switching Boundary Constraints Boundary Logic Unit Tests should switch from second to first project","status":"passed","title":"should switch from second to first project","duration":0.0748330000005808,"failureMessages":[],"meta":{}},{"ancestorTitles":["Project Switching Selection Behavior","Project Switching Boundary Constraints","Boundary Logic Unit Tests"],"fullName":"Project Switching Selection Behavior Project Switching Boundary Constraints Boundary Logic Unit Tests should switch from second to last project","status":"passed","title":"should switch from second to last project","duration":0.07145800000034797,"failureMessages":[],"meta":{}},{"ancestorTitles":["Project Switching Selection Behavior","Project Switching Boundary Constraints","Boundary Logic Unit Tests"],"fullName":"Project Switching Selection Behavior Project Switching Boundary Constraints Boundary Logic Unit Tests should not switch when only one project is open","status":"passed","title":"should not switch when only one project is open","duration":0.06791699999939738,"failureMessages":[],"meta":{}},{"ancestorTitles":["Project Switching Selection Behavior","Project Switching Boundary Constraints","Boundary Logic Unit Tests"],"fullName":"Project Switching Selection Behavior Project Switching Boundary Constraints Boundary Logic Unit Tests should handle multiple prev attempts at first project","status":"passed","title":"should handle multiple prev attempts at first project","duration":0.049082999999882304,"failureMessages":[],"meta":{}},{"ancestorTitles":["Project Switching Selection Behavior","Project Switching Boundary Constraints","Boundary Logic Unit Tests"],"fullName":"Project Switching Selection Behavior Project Switching Boundary Constraints Boundary Logic Unit Tests should handle multiple next attempts at last project","status":"passed","title":"should handle multiple next attempts at last project","duration":0.0435829999996713,"failureMessages":[],"meta":{}},{"ancestorTitles":["Project Switching Selection Behavior","Project Switching Boundary Constraints","Boundary Logic Unit Tests","edge cases with two projects"],"fullName":"Project Switching Selection Behavior Project Switching Boundary Constraints Boundary Logic Unit Tests edge cases with two projects should handle two projects - at first, going prev","status":"passed","title":"should handle two projects - at first, going prev","duration":0.10120800000004238,"failureMessages":[],"meta":{}},{"ancestorTitles":["Project Switching Selection Behavior","Project Switching Boundary Constraints","Boundary Logic Unit Tests","edge cases with two projects"],"fullName":"Project Switching Selection Behavior Project Switching Boundary Constraints Boundary Logic Unit Tests edge cases with two projects should handle two projects - at last, going next","status":"passed","title":"should handle two projects - at last, going next","duration":0.07329200000003766,"failureMessages":[],"meta":{}},{"ancestorTitles":["Project Switching Selection Behavior","Project Switching Boundary Constraints","Boundary Logic Unit Tests","regression tests for infinite loop bug"],"fullName":"Project Switching Selection Behavior Project Switching Boundary Constraints Boundary Logic Unit Tests regression tests for infinite loop bug should not cause infinite loops with rapid prev switching at boundary","status":"passed","title":"should not cause infinite loops with rapid prev switching at boundary","duration":0.04320800000004965,"failureMessages":[],"meta":{}},{"ancestorTitles":["Project Switching Selection Behavior","Project Switching Boundary Constraints","Boundary Logic Unit Tests","regression tests for infinite loop bug"],"fullName":"Project Switching Selection Behavior Project Switching Boundary Constraints Boundary Logic Unit Tests regression tests for infinite loop bug should not cause infinite loops with rapid next switching at boundary","status":"passed","title":"should not cause infinite loops with rapid next switching at boundary","duration":0.04624999999941792,"failureMessages":[],"meta":{}}],"startTime":1759749957220,"endTime":1759749957251.1013,"status":"passed","message":"","name":"/Users/marius.wichtner/Documents/git/schaltwerk/.schaltwerk/worktrees/sharp_easley/src/contexts/ProjectSwitching.test.tsx"},{"assertionResults":[{"ancestorTitles":["ReviewContext"],"fullName":"ReviewContext starts a review and manages comments (add/update/remove/filter/clear)","status":"passed","title":"starts a review and manages comments (add/update/remove/filter/clear)","duration":7.198500000000422,"failureMessages":[],"meta":{}}],"startTime":1759749959583,"endTime":1759749959590.1985,"status":"passed","message":"","name":"/Users/marius.wichtner/Documents/git/schaltwerk/.schaltwerk/worktrees/sharp_easley/src/contexts/ReviewContext.test.tsx"},{"assertionResults":[{"ancestorTitles":["SelectionContext","session metadata caching"],"fullName":"SelectionContext session metadata caching reuses cached session details across rapid session switches","status":"passed","title":"reuses cached session details across rapid session switches","duration":17.942625000000135,"failureMessages":[],"meta":{}},{"ancestorTitles":["SelectionContext","spec to running transitions"],"fullName":"SelectionContext spec to running transitions refreshes cached session metadata when a spec session starts running","status":"passed","title":"refreshes cached session metadata when a spec session starts running","duration":4.450292000000445,"failureMessages":[],"meta":{}},{"ancestorTitles":["SelectionContext","getTerminalIds mapping logic"],"fullName":"SelectionContext getTerminalIds mapping logic should map orchestrator selection to orchestrator terminals","status":"passed","title":"should map orchestrator selection to orchestrator terminals","duration":2.4755420000001322,"failureMessages":[],"meta":{}},{"ancestorTitles":["SelectionContext","getTerminalIds mapping logic"],"fullName":"SelectionContext getTerminalIds mapping logic should map session selection to session-specific terminals","status":"passed","title":"should map session selection to session-specific terminals","duration":3.960834000000432,"failureMessages":[],"meta":{}},{"ancestorTitles":["SelectionContext","getTerminalIds mapping logic"],"fullName":"SelectionContext getTerminalIds mapping logic should handle session names with special characters","status":"passed","title":"should handle session names with special characters","duration":3.83129099999951,"failureMessages":[],"meta":{}},{"ancestorTitles":["SelectionContext","ensureTerminals deduplication and path selection"],"fullName":"SelectionContext ensureTerminals deduplication and path selection should use orchestrator cwd for orchestrator selection","status":"passed","title":"should use orchestrator cwd for orchestrator selection","duration":2.036583000000064,"failureMessages":[],"meta":{}},{"ancestorTitles":["SelectionContext","ensureTerminals deduplication and path selection"],"fullName":"SelectionContext ensureTerminals deduplication and path selection should use worktree path when provided for session","status":"passed","title":"should use worktree path when provided for session","duration":2.163792000000285,"failureMessages":[],"meta":{}},{"ancestorTitles":["SelectionContext","ensureTerminals deduplication and path selection"],"fullName":"SelectionContext ensureTerminals deduplication and path selection should fetch session data when worktree path is missing","status":"passed","title":"should fetch session data when worktree path is missing","duration":1.7253749999999854,"failureMessages":[],"meta":{}},{"ancestorTitles":["SelectionContext","ensureTerminals deduplication and path selection"],"fullName":"SelectionContext ensureTerminals deduplication and path selection should not create terminals when session fetch fails","status":"passed","title":"should not create terminals when session fetch fails","duration":5.690333999999893,"failureMessages":[],"meta":{}},{"ancestorTitles":["SelectionContext","ensureTerminals deduplication and path selection"],"fullName":"SelectionContext ensureTerminals deduplication and path selection should not create terminals that already exist","status":"passed","title":"should not create terminals that already exist","duration":1.9064170000001468,"failureMessages":[],"meta":{}},{"ancestorTitles":["SelectionContext","ensureTerminals deduplication and path selection"],"fullName":"SelectionContext ensureTerminals deduplication and path selection should handle parallel terminal creation with deduplication lock","status":"passed","title":"should handle parallel terminal creation with deduplication lock","duration":2.439209000000119,"failureMessages":[],"meta":{}},{"ancestorTitles":["SelectionContext","spec vs running consistency"],"fullName":"SelectionContext spec vs running consistency keeps UI in spec mode when terminal id already exists but session became spec","status":"passed","title":"keeps UI in spec mode when terminal id already exists but session became spec","duration":4.1206670000001395,"failureMessages":[],"meta":{}},{"ancestorTitles":["SelectionContext","basic functionality"],"fullName":"SelectionContext basic functionality should start with orchestrator selection","status":"passed","title":"should start with orchestrator selection","duration":0.05199999999967986,"failureMessages":[],"meta":{}},{"ancestorTitles":["SelectionContext","basic functionality"],"fullName":"SelectionContext basic functionality should handle in-memory selection persistence","status":"passed","title":"should handle in-memory selection persistence","duration":0.03729099999964092,"failureMessages":[],"meta":{}},{"ancestorTitles":["SelectionContext","basic functionality"],"fullName":"SelectionContext basic functionality should handle invalid selection data gracefully","status":"passed","title":"should handle invalid selection data gracefully","duration":0.035957999999482126,"failureMessages":[],"meta":{}},{"ancestorTitles":["SelectionContext","State Transitions"],"fullName":"SelectionContext State Transitions should detect state transitions from spec to running","status":"passed","title":"should detect state transitions from spec to running","duration":0.05716599999959726,"failureMessages":[],"meta":{}},{"ancestorTitles":["SelectionContext","State Transitions"],"fullName":"SelectionContext State Transitions should detect state transitions from running to spec","status":"passed","title":"should detect state transitions from running to spec","duration":0.0467079999998532,"failureMessages":[],"meta":{}},{"ancestorTitles":["SelectionContext","State Transitions"],"fullName":"SelectionContext State Transitions should not detect state transitions when session payload changes","status":"passed","title":"should not detect state transitions when session payload changes","duration":0.047250000000531145,"failureMessages":[],"meta":{}}],"startTime":1759749955930,"endTime":1759749955983.0571,"status":"passed","message":"","name":"/Users/marius.wichtner/Documents/git/schaltwerk/.schaltwerk/worktrees/sharp_easley/src/contexts/SelectionContext.test.tsx"},{"assertionResults":[{"ancestorTitles":["SessionsContext"],"fullName":"SessionsContext should provide initial empty state when no project is selected","status":"passed","title":"should provide initial empty state when no project is selected","duration":61.91858400000001,"failureMessages":[],"meta":{}},{"ancestorTitles":["SessionsContext"],"fullName":"SessionsContext should load sessions when project is available","status":"passed","title":"should load sessions when project is available","duration":54.01437499999997,"failureMessages":[],"meta":{}},{"ancestorTitles":["SessionsContext"],"fullName":"SessionsContext derives merge status from reviewed session metadata during initial load","status":"passed","title":"derives merge status from reviewed session metadata during initial load","duration":52.977416999999946,"failureMessages":[],"meta":{}},{"ancestorTitles":["SessionsContext"],"fullName":"SessionsContext should update session status from spec to active","status":"passed","title":"should update session status from spec to active","duration":2.885667000000012,"failureMessages":[],"meta":{}},{"ancestorTitles":["SessionsContext"],"fullName":"SessionsContext should update session status from active to spec","status":"passed","title":"should update session status from active to spec","duration":1.1647910000000365,"failureMessages":[],"meta":{}},{"ancestorTitles":["SessionsContext"],"fullName":"SessionsContext should mark session as ready for merge","status":"passed","title":"should mark session as ready for merge","duration":0.9080000000000155,"failureMessages":[],"meta":{}},{"ancestorTitles":["SessionsContext"],"fullName":"SessionsContext should create a new spec session","status":"passed","title":"should create a new spec session","duration":0.5030000000000427,"failureMessages":[],"meta":{}},{"ancestorTitles":["SessionsContext"],"fullName":"SessionsContext should mark merge status as conflict when git stats report conflicts","status":"passed","title":"should mark merge status as conflict when git stats report conflicts","duration":2.469791999999984,"failureMessages":[],"meta":{}},{"ancestorTitles":["SessionsContext"],"fullName":"SessionsContext should handle session refresh events","status":"passed","title":"should handle session refresh events","duration":0.7368339999999307,"failureMessages":[],"meta":{}},{"ancestorTitles":["SessionsContext"],"fullName":"SessionsContext deduplicates sessions when refresh payload contains duplicates","status":"passed","title":"deduplicates sessions when refresh payload contains duplicates","duration":1.9521660000000338,"failureMessages":[],"meta":{}},{"ancestorTitles":["SessionsContext"],"fullName":"SessionsContext marks merge status as conflict when preview reports conflicts","status":"passed","title":"marks merge status as conflict when preview reports conflicts","duration":52.883749999999964,"failureMessages":[],"meta":{}},{"ancestorTitles":["SessionsContext"],"fullName":"SessionsContext marks merge status as merged when preview reports no commits","status":"passed","title":"marks merge status as merged when preview reports no commits","duration":52.9336669999999,"failureMessages":[],"meta":{}},{"ancestorTitles":["SessionsContext"],"fullName":"SessionsContext marks merge status as conflict when git stats event signals merge conflict","status":"passed","title":"marks merge status as conflict when git stats event signals merge conflict","duration":1.3487910000000056,"failureMessages":[],"meta":{}},{"ancestorTitles":["SessionsContext"],"fullName":"SessionsContext marks merge status as merged when git stats event signals up to date","status":"passed","title":"marks merge status as merged when git stats event signals up to date","duration":2.36587499999996,"failureMessages":[],"meta":{}},{"ancestorTitles":["SessionsContext"],"fullName":"SessionsContext prefetches merge preview for ready sessions on initial load","status":"passed","title":"prefetches merge preview for ready sessions on initial load","duration":51.768249999999966,"failureMessages":[],"meta":{}},{"ancestorTitles":["SessionsContext"],"fullName":"SessionsContext prefetches merge preview when session becomes ready to merge after refresh","status":"passed","title":"prefetches merge preview when session becomes ready to merge after refresh","duration":58.94383300000004,"failureMessages":[],"meta":{}},{"ancestorTitles":["SessionsContext"],"fullName":"SessionsContext updates session state when a running session converts back to spec","status":"passed","title":"updates session state when a running session converts back to spec","duration":3.5918750000000728,"failureMessages":[],"meta":{}},{"ancestorTitles":["SessionsContext"],"fullName":"SessionsContext clears reviewed state when a reviewed session converts to spec","status":"passed","title":"clears reviewed state when a reviewed session converts to spec","duration":4.806749999999965,"failureMessages":[],"meta":{}},{"ancestorTitles":["SessionsContext"],"fullName":"SessionsContext optimistically converts a running session to spec state","status":"passed","title":"optimistically converts a running session to spec state","duration":54.090249999999855,"failureMessages":[],"meta":{}},{"ancestorTitles":["SessionsContext"],"fullName":"SessionsContext should handle session removal events","status":"passed","title":"should handle session removal events","duration":2.1816670000000613,"failureMessages":[],"meta":{}},{"ancestorTitles":["SessionsContext"],"fullName":"SessionsContext reloads sessions when SessionsRefreshed payload is empty","status":"passed","title":"reloads sessions when SessionsRefreshed payload is empty","duration":104.7366669999999,"failureMessages":[],"meta":{}},{"ancestorTitles":["SessionsContext"],"fullName":"SessionsContext should keep creation sort order when SessionAdded fires","status":"passed","title":"should keep creation sort order when SessionAdded fires","duration":56.47508300000004,"failureMessages":[],"meta":{}},{"ancestorTitles":["SessionsContext"],"fullName":"SessionsContext auto-starts new sessions via session agent helper","status":"passed","title":"auto-starts new sessions via session agent helper","duration":55.4842500000002,"failureMessages":[],"meta":{}},{"ancestorTitles":["SessionsContext"],"fullName":"SessionsContext auto-starts running sessions after sessions reload","status":"passed","title":"auto-starts running sessions after sessions reload","duration":54.69566699999996,"failureMessages":[],"meta":{}},{"ancestorTitles":["SessionsContext"],"fullName":"SessionsContext skips auto-start when a background-start mark already exists","status":"passed","title":"skips auto-start when a background-start mark already exists","duration":53.982499999999845,"failureMessages":[],"meta":{}},{"ancestorTitles":["SessionsContext"],"fullName":"SessionsContext does not restart existing running sessions when a spec-only refresh is followed by a full refresh","status":"passed","title":"does not restart existing running sessions when a spec-only refresh is followed by a full refresh","duration":54.76158299999997,"failureMessages":[],"meta":{}},{"ancestorTitles":["SessionsContext"],"fullName":"SessionsContext deduplicates merge failure toasts per session","status":"passed","title":"deduplicates merge failure toasts per session","duration":2.238375000000133,"failureMessages":[],"meta":{}},{"ancestorTitles":["SessionsContext"],"fullName":"SessionsContext emits success toast and resets merge error cache","status":"passed","title":"emits success toast and resets merge error cache","duration":2.115500000000111,"failureMessages":[],"meta":{}},{"ancestorTitles":["SessionsContext"],"fullName":"SessionsContext auto-cancels session after successful merge when preference enabled","status":"passed","title":"auto-cancels session after successful merge when preference enabled","duration":3.3391249999999673,"failureMessages":[],"meta":{}}],"startTime":1759749952422,"endTime":1759749953274.339,"status":"passed","message":"","name":"/Users/marius.wichtner/Documents/git/schaltwerk/.schaltwerk/worktrees/sharp_easley/src/contexts/SessionsContext.test.tsx"},{"assertionResults":[{"ancestorTitles":["useClaudeSession"],"fullName":"useClaudeSession starts orchestrator when isCommander is true","status":"passed","title":"starts orchestrator when isCommander is true","duration":6.575542000000496,"failureMessages":[],"meta":{}},{"ancestorTitles":["useClaudeSession"],"fullName":"useClaudeSession starts session when sessionName is provided","status":"passed","title":"starts session when sessionName is provided","duration":0.7276249999995343,"failureMessages":[],"meta":{}},{"ancestorTitles":["useClaudeSession"],"fullName":"useClaudeSession returns failure when options are invalid","status":"passed","title":"returns failure when options are invalid","duration":1.0457500000002256,"failureMessages":[],"meta":{}},{"ancestorTitles":["useClaudeSession"],"fullName":"useClaudeSession gets and sets skip permissions","status":"passed","title":"gets and sets skip permissions","duration":0.6911250000002838,"failureMessages":[],"meta":{}},{"ancestorTitles":["useClaudeSession"],"fullName":"useClaudeSession gets and sets orchestrator skip permissions","status":"passed","title":"gets and sets orchestrator skip permissions","duration":0.5621659999997064,"failureMessages":[],"meta":{}},{"ancestorTitles":["useClaudeSession"],"fullName":"useClaudeSession gets and sets agent type with defaults on error","status":"passed","title":"gets and sets agent type with defaults on error","duration":0.5905830000001515,"failureMessages":[],"meta":{}},{"ancestorTitles":["useClaudeSession"],"fullName":"useClaudeSession gets and sets orchestrator agent type with defaults on error","status":"passed","title":"gets and sets orchestrator agent type with defaults on error","duration":0.5246670000005906,"failureMessages":[],"meta":{}}],"startTime":1759749958919,"endTime":1759749958929.5906,"status":"passed","message":"","name":"/Users/marius.wichtner/Documents/git/schaltwerk/.schaltwerk/worktrees/sharp_easley/src/hooks/useClaudeSession.test.ts"},{"assertionResults":[{"ancestorTitles":["useDiffHover"],"fullName":"useDiffHover should initialize with null hovered line","status":"passed","title":"should initialize with null hovered line","duration":5.7965830000002825,"failureMessages":[],"meta":{}},{"ancestorTitles":["useDiffHover"],"fullName":"useDiffHover should set hovered line info correctly","status":"passed","title":"should set hovered line info correctly","duration":1.1697500000000218,"failureMessages":[],"meta":{}},{"ancestorTitles":["useDiffHover"],"fullName":"useDiffHover should clear hovered line with delay","status":"passed","title":"should clear hovered line with delay","duration":1.5798329999997804,"failureMessages":[],"meta":{}},{"ancestorTitles":["useDiffHover"],"fullName":"useDiffHover should cancel clear timeout when setting new hover info","status":"passed","title":"should cancel clear timeout when setting new hover info","duration":0.7178750000002765,"failureMessages":[],"meta":{}},{"ancestorTitles":["useDiffHover"],"fullName":"useDiffHover should handle keyboard shortcuts when modal is open","status":"passed","title":"should handle keyboard shortcuts when modal is open","duration":3.427249999999731,"failureMessages":[],"meta":{}},{"ancestorTitles":["useDiffHover"],"fullName":"useDiffHover should not trigger on Enter when modal is closed","status":"passed","title":"should not trigger on Enter when modal is closed","duration":0.46108300000014424,"failureMessages":[],"meta":{}},{"ancestorTitles":["useDiffHover"],"fullName":"useDiffHover should ignore Enter key when focus is on input elements","status":"passed","title":"should ignore Enter key when focus is on input elements","duration":0.8709159999998519,"failureMessages":[],"meta":{}},{"ancestorTitles":["useDiffHover"],"fullName":"useDiffHover should ignore Enter key with modifier keys","status":"passed","title":"should ignore Enter key with modifier keys","duration":0.3952079999999114,"failureMessages":[],"meta":{}},{"ancestorTitles":["useDiffHover"],"fullName":"useDiffHover should not trigger when no hovered line and DOM detection fails","status":"passed","title":"should not trigger when no hovered line and DOM detection fails","duration":0.3138749999998254,"failureMessages":[],"meta":{}}],"startTime":1759749958329,"endTime":1759749958344.314,"status":"passed","message":"","name":"/Users/marius.wichtner/Documents/git/schaltwerk/.schaltwerk/worktrees/sharp_easley/src/hooks/useDiffHover.test.ts"},{"assertionResults":[{"ancestorTitles":["useHighlightWorker"],"fullName":"useHighlightWorker returns highlighted code after worker response","status":"passed","title":"returns highlighted code after worker response","duration":9.9862090000006,"failureMessages":[],"meta":{}},{"ancestorTitles":["useHighlightWorker"],"fullName":"useHighlightWorker bypasses worker when bypass flag is set","status":"passed","title":"bypasses worker when bypass flag is set","duration":0.9944169999998849,"failureMessages":[],"meta":{}},{"ancestorTitles":["useHighlightWorker"],"fullName":"useHighlightWorker falls back to raw code when worker reports an error","status":"passed","title":"falls back to raw code when worker reports an error","duration":3.3780830000005153,"failureMessages":[],"meta":{}}],"startTime":1759749958510,"endTime":1759749958524.3782,"status":"passed","message":"","name":"/Users/marius.wichtner/Documents/git/schaltwerk/.schaltwerk/worktrees/sharp_easley/src/hooks/useHighlightWorker.test.tsx"},{"assertionResults":[{"ancestorTitles":["useKeyboardShortcuts"],"fullName":"useKeyboardShortcuts invokes orchestrator selection on mod+1","status":"passed","title":"invokes orchestrator selection on mod+1","duration":6.13550000000032,"failureMessages":[],"meta":{}},{"ancestorTitles":["useKeyboardShortcuts"],"fullName":"useKeyboardShortcuts invokes session selection for keys 2..9 within bounds","status":"passed","title":"invokes session selection for keys 2..9 within bounds","duration":1.2070000000003347,"failureMessages":[],"meta":{}},{"ancestorTitles":["useKeyboardShortcuts"],"fullName":"useKeyboardShortcuts does not invoke session selection when index out of bounds","status":"passed","title":"does not invoke session selection when index out of bounds","duration":0.5930409999991753,"failureMessages":[],"meta":{}},{"ancestorTitles":["useKeyboardShortcuts"],"fullName":"useKeyboardShortcuts opens diff on mod+g and cancels on mod+d","status":"passed","title":"opens diff on mod+g and cancels on mod+d","duration":0.6417920000003505,"failureMessages":[],"meta":{}},{"ancestorTitles":["useKeyboardShortcuts"],"fullName":"useKeyboardShortcuts respects custom keybindings when provided in config","status":"passed","title":"respects custom keybindings when provided in config","duration":0.7541249999994761,"failureMessages":[],"meta":{}},{"ancestorTitles":["useKeyboardShortcuts"],"fullName":"useKeyboardShortcuts invokes reset selection callback on mod+alt+r","status":"passed","title":"invokes reset selection callback on mod+alt+r","duration":0.6295830000008209,"failureMessages":[],"meta":{}},{"ancestorTitles":["useKeyboardShortcuts"],"fullName":"useKeyboardShortcuts invokes switch model callback on mod+alt+m","status":"passed","title":"invokes switch model callback on mod+alt+m","duration":0.3689170000006925,"failureMessages":[],"meta":{}},{"ancestorTitles":["useKeyboardShortcuts"],"fullName":"useKeyboardShortcuts does not navigate sessions with arrow keys when diff viewer is open","status":"passed","title":"does not navigate sessions with arrow keys when diff viewer is open","duration":0.3501249999999345,"failureMessages":[],"meta":{}},{"ancestorTitles":["useKeyboardShortcuts"],"fullName":"useKeyboardShortcuts navigates sessions with arrow keys when diff viewer is closed","status":"passed","title":"navigates sessions with arrow keys when diff viewer is closed","duration":0.37133300000004965,"failureMessages":[],"meta":{}},{"ancestorTitles":["useKeyboardShortcuts"],"fullName":"useKeyboardShortcuts uses ctrl on non-mac platforms and meta on mac","status":"passed","title":"uses ctrl on non-mac platforms and meta on mac","duration":0.5788750000001528,"failureMessages":[],"meta":{}},{"ancestorTitles":["useKeyboardShortcuts"],"fullName":"useKeyboardShortcuts preventDefault is called for handled shortcuts and not for ignored ones","status":"passed","title":"preventDefault is called for handled shortcuts and not for ignored ones","duration":0.39054099999975733,"failureMessages":[],"meta":{}},{"ancestorTitles":["useKeyboardShortcuts"],"fullName":"useKeyboardShortcuts shift modifies cancel behavior (immediate=true)","status":"passed","title":"shift modifies cancel behavior (immediate=true)","duration":0.24929200000042329,"failureMessages":[],"meta":{}},{"ancestorTitles":["useKeyboardShortcuts"],"fullName":"useKeyboardShortcuts context-specific: arrows do not preventDefault when diff viewer open","status":"passed","title":"context-specific: arrows do not preventDefault when diff viewer open","duration":0.3126670000001468,"failureMessages":[],"meta":{}},{"ancestorTitles":["useKeyboardShortcuts"],"fullName":"useKeyboardShortcuts context-specific: '/' only prevents when callback provided","status":"passed","title":"context-specific: '/' only prevents when callback provided","duration":0.5151660000001357,"failureMessages":[],"meta":{}},{"ancestorTitles":["useKeyboardShortcuts","Arrow key navigation"],"fullName":"useKeyboardShortcuts Arrow key navigation navigates to previous session with Cmd+ArrowUp","status":"passed","title":"navigates to previous session with Cmd+ArrowUp","duration":0.2141249999995125,"failureMessages":[],"meta":{}},{"ancestorTitles":["useKeyboardShortcuts","Arrow key navigation"],"fullName":"useKeyboardShortcuts Arrow key navigation navigates to next session with Cmd+ArrowDown","status":"passed","title":"navigates to next session with Cmd+ArrowDown","duration":0.19162500000038563,"failureMessages":[],"meta":{}},{"ancestorTitles":["useKeyboardShortcuts","Arrow key navigation"],"fullName":"useKeyboardShortcuts Arrow key navigation switches to previous project with Cmd+Shift+ArrowLeft","status":"passed","title":"switches to previous project with Cmd+Shift+ArrowLeft","duration":0.20116700000016863,"failureMessages":[],"meta":{}},{"ancestorTitles":["useKeyboardShortcuts","Arrow key navigation"],"fullName":"useKeyboardShortcuts Arrow key navigation switches to next project with Cmd+Shift+ArrowRight","status":"passed","title":"switches to next project with Cmd+Shift+ArrowRight","duration":0.19929099999990285,"failureMessages":[],"meta":{}},{"ancestorTitles":["useKeyboardShortcuts","Arrow key navigation"],"fullName":"useKeyboardShortcuts Arrow key navigation does not navigate when callbacks are undefined","status":"passed","title":"does not navigate when callbacks are undefined","duration":0.2067910000005213,"failureMessages":[],"meta":{}},{"ancestorTitles":["useKeyboardShortcuts","Arrow key navigation"],"fullName":"useKeyboardShortcuts Arrow key navigation navigates to previous filter with Cmd+ArrowLeft","status":"passed","title":"navigates to previous filter with Cmd+ArrowLeft","duration":0.1871659999997064,"failureMessages":[],"meta":{}},{"ancestorTitles":["useKeyboardShortcuts","Arrow key navigation"],"fullName":"useKeyboardShortcuts Arrow key navigation navigates to next filter with Cmd+ArrowRight","status":"passed","title":"navigates to next filter with Cmd+ArrowRight","duration":0.18679100000008475,"failureMessages":[],"meta":{}},{"ancestorTitles":["useKeyboardShortcuts","Arrow key navigation"],"fullName":"useKeyboardShortcuts Arrow key navigation does not prevent default when callbacks are undefined","status":"passed","title":"does not prevent default when callbacks are undefined","duration":0.21337499999935972,"failureMessages":[],"meta":{}},{"ancestorTitles":["useKeyboardShortcuts","Focus management shortcuts"],"fullName":"useKeyboardShortcuts Focus management shortcuts focuses Claude terminal with Cmd+T","status":"passed","title":"focuses Claude terminal with Cmd+T","duration":1.1902499999996508,"failureMessages":[],"meta":{}},{"ancestorTitles":["useKeyboardShortcuts","Focus management shortcuts"],"fullName":"useKeyboardShortcuts Focus management shortcuts focuses Claude terminal with Cmd+T (uppercase)","status":"passed","title":"focuses Claude terminal with Cmd+T (uppercase)","duration":0.22470799999973678,"failureMessages":[],"meta":{}},{"ancestorTitles":["useKeyboardShortcuts","Focus management shortcuts"],"fullName":"useKeyboardShortcuts Focus management shortcuts focuses terminal with Cmd+/","status":"passed","title":"focuses terminal with Cmd+/","duration":0.1812500000005457,"failureMessages":[],"meta":{}},{"ancestorTitles":["useKeyboardShortcuts","Focus management shortcuts"],"fullName":"useKeyboardShortcuts Focus management shortcuts does not prevent default when focus callbacks are undefined","status":"passed","title":"does not prevent default when focus callbacks are undefined","duration":0.17833400000017718,"failureMessages":[],"meta":{}},{"ancestorTitles":["useKeyboardShortcuts","Platform and modifier handling"],"fullName":"useKeyboardShortcuts Platform and modifier handling uses Cmd key on Mac platform","status":"passed","title":"uses Cmd key on Mac platform","duration":0.17341600000054314,"failureMessages":[],"meta":{}},{"ancestorTitles":["useKeyboardShortcuts","Platform and modifier handling"],"fullName":"useKeyboardShortcuts Platform and modifier handling uses Ctrl key on Windows platform","status":"passed","title":"uses Ctrl key on Windows platform","duration":0.18170899999950052,"failureMessages":[],"meta":{}},{"ancestorTitles":["useKeyboardShortcuts","Platform and modifier handling"],"fullName":"useKeyboardShortcuts Platform and modifier handling uses Ctrl key on Linux platform","status":"passed","title":"uses Ctrl key on Linux platform","duration":0.1805000000003929,"failureMessages":[],"meta":{}},{"ancestorTitles":["useKeyboardShortcuts","Platform and modifier handling"],"fullName":"useKeyboardShortcuts Platform and modifier handling handles Shift modifier for immediate cancel","status":"passed","title":"handles Shift modifier for immediate cancel","duration":0.2492499999998472,"failureMessages":[],"meta":{}},{"ancestorTitles":["useKeyboardShortcuts","Platform and modifier handling"],"fullName":"useKeyboardShortcuts Platform and modifier handling ignores shortcuts without modifier key","status":"passed","title":"ignores shortcuts without modifier key","duration":0.4348339999996824,"failureMessages":[],"meta":{}},{"ancestorTitles":["useKeyboardShortcuts","Platform and modifier handling"],"fullName":"useKeyboardShortcuts Platform and modifier handling handles mixed modifier keys correctly","status":"passed","title":"handles mixed modifier keys correctly","duration":0.2144589999998061,"failureMessages":[],"meta":{}},{"ancestorTitles":["useKeyboardShortcuts","Session management shortcuts"],"fullName":"useKeyboardShortcuts Session management shortcuts marks session ready with Cmd+R","status":"passed","title":"marks session ready with Cmd+R","duration":0.203125,"failureMessages":[],"meta":{}},{"ancestorTitles":["useKeyboardShortcuts","Session management shortcuts"],"fullName":"useKeyboardShortcuts Session management shortcuts converts session to spec with Cmd+S","status":"passed","title":"converts session to spec with Cmd+S","duration":0.20333299999947485,"failureMessages":[],"meta":{}},{"ancestorTitles":["useKeyboardShortcuts","Session management shortcuts"],"fullName":"useKeyboardShortcuts Session management shortcuts does not trigger spec shortcut with Cmd+Shift+S","status":"passed","title":"does not trigger spec shortcut with Cmd+Shift+S","duration":0.22533299999940937,"failureMessages":[],"meta":{}},{"ancestorTitles":["useKeyboardShortcuts","Session management shortcuts"],"fullName":"useKeyboardShortcuts Session management shortcuts does not mark session ready when callback is undefined","status":"passed","title":"does not mark session ready when callback is undefined","duration":0.18449999999938882,"failureMessages":[],"meta":{}},{"ancestorTitles":["useKeyboardShortcuts","Session management shortcuts"],"fullName":"useKeyboardShortcuts Session management shortcuts handles session selection boundary conditions","status":"passed","title":"handles session selection boundary conditions","duration":0.3334999999997308,"failureMessages":[],"meta":{}},{"ancestorTitles":["useKeyboardShortcuts","Session management shortcuts"],"fullName":"useKeyboardShortcuts Session management shortcuts handles all session keys 2-9 correctly","status":"passed","title":"handles all session keys 2-9 correctly","duration":0.4294579999996131,"failureMessages":[],"meta":{}},{"ancestorTitles":["useKeyboardShortcuts","Edge cases and integration"],"fullName":"useKeyboardShortcuts Edge cases and integration handles rapid key sequences","status":"passed","title":"handles rapid key sequences","duration":0.24320799999986775,"failureMessages":[],"meta":{}},{"ancestorTitles":["useKeyboardShortcuts","Edge cases and integration"],"fullName":"useKeyboardShortcuts Edge cases and integration cleans up event listener on unmount","status":"passed","title":"cleans up event listener on unmount","duration":0.7976250000001528,"failureMessages":[],"meta":{}},{"ancestorTitles":["useKeyboardShortcuts","Edge cases and integration"],"fullName":"useKeyboardShortcuts Edge cases and integration updates listeners when props change","status":"passed","title":"updates listeners when props change","duration":0.388875000000553,"failureMessages":[],"meta":{}},{"ancestorTitles":["useKeyboardShortcuts","Edge cases and integration"],"fullName":"useKeyboardShortcuts Edge cases and integration handles undefined callbacks gracefully","status":"passed","title":"handles undefined callbacks gracefully","duration":0.21591600000010658,"failureMessages":[],"meta":{}},{"ancestorTitles":["useKeyboardShortcuts","Edge cases and integration"],"fullName":"useKeyboardShortcuts Edge cases and integration prevents default for all handled shortcuts","status":"passed","title":"prevents default for all handled shortcuts","duration":0.8158330000005662,"failureMessages":[],"meta":{}},{"ancestorTitles":["useKeyboardShortcuts","Edge cases and integration"],"fullName":"useKeyboardShortcuts Edge cases and integration all shortcuts work together without conflicts","status":"passed","title":"all shortcuts work together without conflicts","duration":0.6442910000005213,"failureMessages":[],"meta":{}}],"startTime":1759749957834,"endTime":1759749957856.6443,"status":"passed","message":"","name":"/Users/marius.wichtner/Documents/git/schaltwerk/.schaltwerk/worktrees/sharp_easley/src/hooks/useKeyboardShortcuts.test.tsx"},{"assertionResults":[{"ancestorTitles":["useLineSelection"],"fullName":"useLineSelection initializes with no selection","status":"passed","title":"initializes with no selection","duration":5.7040420000003,"failureMessages":[],"meta":{}},{"ancestorTitles":["useLineSelection"],"fullName":"useLineSelection selects single line on click","status":"passed","title":"selects single line on click","duration":1.1602080000002388,"failureMessages":[],"meta":{}},{"ancestorTitles":["useLineSelection"],"fullName":"useLineSelection extends selection with shift+click","status":"passed","title":"extends selection with shift+click","duration":0.8049590000000535,"failureMessages":[],"meta":{}},{"ancestorTitles":["useLineSelection"],"fullName":"useLineSelection clears selection when clicking within selected range","status":"passed","title":"clears selection when clicking within selected range","duration":0.6682080000000497,"failureMessages":[],"meta":{}},{"ancestorTitles":["useLineSelection"],"fullName":"useLineSelection starts new selection when clicking different side","status":"passed","title":"starts new selection when clicking different side","duration":0.5029999999997017,"failureMessages":[],"meta":{}},{"ancestorTitles":["useLineSelection"],"fullName":"useLineSelection extends selection using extendSelection","status":"passed","title":"extends selection using extendSelection","duration":0.41520800000034797,"failureMessages":[],"meta":{}},{"ancestorTitles":["useLineSelection"],"fullName":"useLineSelection clears selection","status":"passed","title":"clears selection","duration":0.45541599999978644,"failureMessages":[],"meta":{}},{"ancestorTitles":["useLineSelection"],"fullName":"useLineSelection correctly identifies selected lines","status":"passed","title":"correctly identifies selected lines","duration":0.4891250000000582,"failureMessages":[],"meta":{}},{"ancestorTitles":["useLineSelection"],"fullName":"useLineSelection handles no selection in isLineSelected","status":"passed","title":"handles no selection in isLineSelected","duration":0.24387500000011642,"failureMessages":[],"meta":{}},{"ancestorTitles":["useLineSelection"],"fullName":"useLineSelection checks if line is in range regardless of side","status":"passed","title":"checks if line is in range regardless of side","duration":0.35275000000001455,"failureMessages":[],"meta":{}}],"startTime":1759749958958,"endTime":1759749958969.3528,"status":"passed","message":"","name":"/Users/marius.wichtner/Documents/git/schaltwerk/.schaltwerk/worktrees/sharp_easley/src/hooks/useLineSelection.test.ts"},{"assertionResults":[{"ancestorTitles":["useModalPrefill","processPrefillData"],"fullName":"useModalPrefill processPrefillData updates name and related state when name is provided","status":"passed","title":"updates name and related state when name is provided","duration":1.3000419999998485,"failureMessages":[],"meta":{}},{"ancestorTitles":["useModalPrefill","processPrefillData"],"fullName":"useModalPrefill processPrefillData updates agent content when provided","status":"passed","title":"updates agent content when provided","duration":0.22845800000050076,"failureMessages":[],"meta":{}},{"ancestorTitles":["useModalPrefill","processPrefillData"],"fullName":"useModalPrefill processPrefillData updates base branch when provided","status":"passed","title":"updates base branch when provided","duration":0.13637500000004366,"failureMessages":[],"meta":{}},{"ancestorTitles":["useModalPrefill","processPrefillData"],"fullName":"useModalPrefill processPrefillData sets createAsDraft to false when fromDraft is true","status":"passed","title":"sets createAsDraft to false when fromDraft is true","duration":0.10562500000014552,"failureMessages":[],"meta":{}},{"ancestorTitles":["useModalPrefill","processPrefillData"],"fullName":"useModalPrefill processPrefillData handles lockName being false","status":"passed","title":"handles lockName being false","duration":0.10070799999994051,"failureMessages":[],"meta":{}},{"ancestorTitles":["useModalPrefill","processPrefillData"],"fullName":"useModalPrefill processPrefillData does not update name when not provided","status":"passed","title":"does not update name when not provided","duration":0.19291700000030687,"failureMessages":[],"meta":{}},{"ancestorTitles":["useModalPrefill","processPrefillData"],"fullName":"useModalPrefill processPrefillData does not update agent content when not provided","status":"passed","title":"does not update agent content when not provided","duration":0.0934159999997064,"failureMessages":[],"meta":{}},{"ancestorTitles":["useModalPrefill","processPrefillData"],"fullName":"useModalPrefill processPrefillData handles all fields being provided","status":"passed","title":"handles all fields being provided","duration":0.2123329999994894,"failureMessages":[],"meta":{}},{"ancestorTitles":["useModalPrefill","processPrefillData"],"fullName":"useModalPrefill processPrefillData handles empty detail object","status":"passed","title":"handles empty detail object","duration":0.16720899999927497,"failureMessages":[],"meta":{}},{"ancestorTitles":["useModalPrefill","useModalPrefill hook"],"fullName":"useModalPrefill useModalPrefill hook registers event listener on mount","status":"passed","title":"registers event listener on mount","duration":5.72766700000011,"failureMessages":[],"meta":{}},{"ancestorTitles":["useModalPrefill","useModalPrefill hook"],"fullName":"useModalPrefill useModalPrefill hook removes event listener on unmount","status":"passed","title":"removes event listener on unmount","duration":0.6494579999998678,"failureMessages":[],"meta":{}},{"ancestorTitles":["useModalPrefill","useModalPrefill hook"],"fullName":"useModalPrefill useModalPrefill hook handles prefill event when dispatched","status":"passed","title":"handles prefill event when dispatched","duration":0.6565830000008646,"failureMessages":[],"meta":{}},{"ancestorTitles":["useModalPrefill","useModalPrefill hook"],"fullName":"useModalPrefill useModalPrefill hook handles event with empty detail","status":"passed","title":"handles event with empty detail","duration":0.5426659999993717,"failureMessages":[],"meta":{}},{"ancestorTitles":["useModalPrefill","useModalPrefill hook"],"fullName":"useModalPrefill useModalPrefill hook handles event with no detail","status":"passed","title":"handles event with no detail","duration":0.4761659999994663,"failureMessages":[],"meta":{}}],"startTime":1759749958752,"endTime":1759749958763.476,"status":"passed","message":"","name":"/Users/marius.wichtner/Documents/git/schaltwerk/.schaltwerk/worktrees/sharp_easley/src/hooks/useModalPrefill.test.ts"},{"assertionResults":[{"ancestorTitles":["useOnboarding"],"fullName":"useOnboarding opens onboarding automatically when fetching tutorial status fails","status":"passed","title":"opens onboarding automatically when fetching tutorial status fails","duration":8.573667000000569,"failureMessages":[],"meta":{}},{"ancestorTitles":["useOnboarding"],"fullName":"useOnboarding marks onboarding as completed when the modal is closed","status":"passed","title":"marks onboarding as completed when the modal is closed","duration":4.086333000000195,"failureMessages":[],"meta":{}},{"ancestorTitles":["useOnboarding"],"fullName":"useOnboarding does not rewrite completion when already completed","status":"passed","title":"does not rewrite completion when already completed","duration":1.969333000000006,"failureMessages":[],"meta":{}}],"startTime":1759749958492,"endTime":1759749958505.9692,"status":"passed","message":"","name":"/Users/marius.wichtner/Documents/git/schaltwerk/.schaltwerk/worktrees/sharp_easley/src/hooks/useOnboarding.test.ts"},{"assertionResults":[{"ancestorTitles":["useFolderPermission","initial state"],"fullName":"useFolderPermission initial state returns initial state when no folderPath provided","status":"passed","title":"returns initial state when no folderPath provided","duration":5.568957999999839,"failureMessages":[],"meta":{}},{"ancestorTitles":["useFolderPermission","initial state"],"fullName":"useFolderPermission initial state returns initial state when folderPath is empty string","status":"passed","title":"returns initial state when folderPath is empty string","duration":0.5204589999993914,"failureMessages":[],"meta":{}},{"ancestorTitles":["useFolderPermission","automatic permission check on mount"],"fullName":"useFolderPermission automatic permission check on mount automatically checks permission when folderPath is provided","status":"passed","title":"automatically checks permission when folderPath is provided","duration":1.8610000000007858,"failureMessages":[],"meta":{}},{"ancestorTitles":["useFolderPermission","automatic permission check on mount"],"fullName":"useFolderPermission automatic permission check on mount handles automatic permission check failure","status":"passed","title":"handles automatic permission check failure","duration":2.845249999999396,"failureMessages":[],"meta":{}},{"ancestorTitles":["useFolderPermission","automatic permission check on mount"],"fullName":"useFolderPermission automatic permission check on mount sets deniedPath when permission is false","status":"passed","title":"sets deniedPath when permission is false","duration":0.6326249999992797,"failureMessages":[],"meta":{}},{"ancestorTitles":["useFolderPermission","checkPermission function"],"fullName":"useFolderPermission checkPermission function successfully checks permission and returns true","status":"passed","title":"successfully checks permission and r
[...]
rc/components/terminal/Terminal.test.tsx"},{"assertionResults":[{"ancestorTitles":["TerminalGrid reset button (session header)"],"fullName":"TerminalGrid reset button (session header) renders and triggers reset confirm flow","status":"passed","title":"renders and triggers reset confirm flow","duration":46.66120799999999,"failureMessages":[],"meta":{}},{"ancestorTitles":["TerminalGrid reset button (session header)"],"fullName":"TerminalGrid reset button (session header) allows canceling the reset dialog without invoking the backend","status":"passed","title":"allows canceling the reset dialog without invoking the backend","duration":17.866500000000087,"failureMessages":[],"meta":{}}],"startTime":1759749955827,"endTime":1759749955891.8665,"status":"passed","message":"","name":"/Users/marius.wichtner/Documents/git/schaltwerk/.schaltwerk/worktrees/sharp_easley/src/components/terminal/TerminalGrid.reset.test.tsx"},{"assertionResults":[{"ancestorTitles":["TerminalGrid spec fallback when backend metadata missing"],"fullName":"TerminalGrid spec fallback when backend metadata missing should keep showing spec placeholder when selection lacks metadata","status":"passed","title":"should keep showing spec placeholder when selection lacks metadata","duration":34.76050000000032,"failureMessages":[],"meta":{}}],"startTime":1759749957000,"endTime":1759749957034.7605,"status":"passed","message":"","name":"/Users/marius.wichtner/Documents/git/schaltwerk/.schaltwerk/worktrees/sharp_easley/src/components/terminal/TerminalGrid.spec-selection.test.tsx"},{"assertionResults":[{"ancestorTitles":["TerminalGrid"],"fullName":"TerminalGrid renders dual-terminal layout with correct headers and ids (orchestrator)","status":"passed","title":"renders dual-terminal layout with correct headers and ids (orchestrator)","duration":31.739625000000046,"failureMessages":[],"meta":{}},{"ancestorTitles":["TerminalGrid"],"fullName":"TerminalGrid respects split view proportions and layout props","status":"passed","title":"respects split view proportions and layout props","duration":9.127458000000047,"failureMessages":[],"meta":{}},{"ancestorTitles":["TerminalGrid"],"fullName":"TerminalGrid focuses top/bottom terminals on header and body clicks","status":"passed","title":"focuses top/bottom terminals on header and body clicks","duration":73.38516699999991,"failureMessages":[],"meta":{}},{"ancestorTitles":["TerminalGrid"],"fullName":"TerminalGrid switches terminals when session changes and focuses according to session focus state","status":"passed","title":"switches terminals when session changes and focuses according to session focus state","duration":22.309124999999995,"failureMessages":[],"meta":{}},{"ancestorTitles":["TerminalGrid"],"fullName":"TerminalGrid handles terminal reset events by remounting terminals and cleans up on unmount","status":"passed","title":"handles terminal reset events by remounting terminals and cleans up on unmount","duration":12.393749999999955,"failureMessages":[],"meta":{}},{"ancestorTitles":["TerminalGrid","Terminal Tab Management"],"fullName":"TerminalGrid Terminal Tab Management shows + icon again after deleting terminal tabs when at max capacity","status":"passed","title":"shows + icon again after deleting terminal tabs when at max capacity","duration":26.58820800000001,"failureMessages":[],"meta":{}},{"ancestorTitles":["TerminalGrid","Terminal Tab Management"],"fullName":"TerminalGrid Terminal Tab Management preserves session-specific terminal tabs when switching between sessions","status":"passed","title":"preserves session-specific terminal tabs when switching between sessions","duration":27.478665999999976,"failureMessages":[],"meta":{}},{"ancestorTitles":["TerminalGrid","Terminal Tab Management"],"fullName":"TerminalGrid Terminal Tab Management does not leak additional terminal tabs into fresh sessions","status":"passed","title":"does not leak additional terminal tabs into fresh sessions","duration":21.313957999999957,"failureMessages":[],"meta":{}},{"ancestorTitles":["TerminalGrid","Terminal Tab Management"],"fullName":"TerminalGrid Terminal Tab Management invokes tab function callbacks when tabs are added, selected, and closed","status":"passed","title":"invokes tab function callbacks when tabs are added, selected, and closed","duration":15.895165999999904,"failureMessages":[],"meta":{}},{"ancestorTitles":["TerminalGrid","Terminal Minimization"],"fullName":"TerminalGrid Terminal Minimization initializes split sizes from sessionStorage entries with sensible fallbacks","status":"passed","title":"initializes split sizes from sessionStorage entries with sensible fallbacks","duration":9.91050000000007,"failureMessages":[],"meta":{}},{"ancestorTitles":["TerminalGrid","Terminal Minimization"],"fullName":"TerminalGrid Terminal Minimization toggles terminal collapse state correctly","status":"passed","title":"toggles terminal collapse state correctly","duration":11.735709000000043,"failureMessages":[],"meta":{}},{"ancestorTitles":["TerminalGrid","Terminal Minimization"],"fullName":"TerminalGrid Terminal Minimization persists collapse state per session in sessionStorage","status":"passed","title":"persists collapse state per session in sessionStorage","duration":20.773459000000003,"failureMessages":[],"meta":{}},{"ancestorTitles":["TerminalGrid","Terminal Minimization"],"fullName":"TerminalGrid Terminal Minimization restores correct minimization state when switching between sessions","status":"passed","title":"restores correct minimization state when switching between sessions","duration":19.385583999999994,"failureMessages":[],"meta":{}},{"ancestorTitles":["TerminalGrid","Terminal Minimization"],"fullName":"TerminalGrid Terminal Minimization expands terminal when clicking expand button while collapsed","status":"passed","title":"expands terminal when clicking expand button while collapsed","duration":15.447791999999936,"failureMessages":[],"meta":{}},{"ancestorTitles":["TerminalGrid","Terminal Minimization"],"fullName":"TerminalGrid Terminal Minimization maintains correct UI state when rapidly toggling collapse","status":"passed","title":"maintains correct UI state when rapidly toggling collapse","duration":17.501999999999953,"failureMessages":[],"meta":{}},{"ancestorTitles":["TerminalGrid","Run Mode Bug Fix"],"fullName":"TerminalGrid Run Mode Bug Fix does not stop run when switching to terminal tab","status":"passed","title":"does not stop run when switching to terminal tab","duration":5.116750000000025,"failureMessages":[],"meta":{}},{"ancestorTitles":["TerminalGrid","Run Script Configuration Updates"],"fullName":"TerminalGrid Run Script Configuration Updates refreshes run tab visibility immediately after run script is saved","status":"passed","title":"refreshes run tab visibility immediately after run script is saved","duration":10.102291000000037,"failureMessages":[],"meta":{}},{"ancestorTitles":["TerminalGrid","Run Mode Shortcuts and Controls"],"fullName":"TerminalGrid Run Mode Shortcuts and Controls activates run mode, toggles the run terminal, and returns focus with Cmd+/","status":"passed","title":"activates run mode, toggles the run terminal, and returns focus with Cmd+/","duration":25.633749999999964,"failureMessages":[],"meta":{}},{"ancestorTitles":["TerminalGrid","Panel interactions and resize events"],"fullName":"TerminalGrid Panel interactions and resize events expands collapsed panel on terminal click and emits resize notifications","status":"passed","title":"expands collapsed panel on terminal click and emits resize notifications","duration":20.854417000000012,"failureMessages":[],"meta":{}},{"ancestorTitles":["TerminalGrid"],"fullName":"TerminalGrid focuses the specific terminal on focus request and on terminal-ready","status":"passed","title":"focuses the specific terminal on focus request and on terminal-ready","duration":12.626916000000165,"failureMessages":[],"meta":{}},{"ancestorTitles":["TerminalGrid"],"fullName":"TerminalGrid clears split dragging state on global pointerup if onDragEnd is missed","status":"passed","title":"clears split dragging state on global pointerup if onDragEnd is missed","duration":8.953709000000117,"failureMessages":[],"meta":{}}],"startTime":1759749952530,"endTime":1759749952947.9536,"status":"passed","message":"","name":"/Users/marius.wichtner/Documents/git/schaltwerk/.schaltwerk/worktrees/sharp_easley/src/components/terminal/TerminalGrid.test.tsx"},{"assertionResults":[{"ancestorTitles":["TerminalLoadingOverlay"],"fullName":"TerminalLoadingOverlay renders nothing when not visible","status":"passed","title":"renders nothing when not visible","duration":19.25841700000001,"failureMessages":[],"meta":{}},{"ancestorTitles":["TerminalLoadingOverlay"],"fullName":"TerminalLoadingOverlay shows the loading indicator when visible","status":"passed","title":"shows the loading indicator when visible","duration":9.255041999999776,"failureMessages":[],"meta":{}}],"startTime":1759749957370,"endTime":1759749957398.2551,"status":"passed","message":"","name":"/Users/marius.wichtner/Documents/git/schaltwerk/.schaltwerk/worktrees/sharp_easley/src/components/terminal/TerminalLoadingOverlay.test.tsx"},{"assertionResults":[{"ancestorTitles":["TerminalSearchPanel"],"fullName":"TerminalSearchPanel calls callbacks for input change and navigation actions","status":"passed","title":"calls callbacks for input change and navigation actions","duration":23.77404100000058,"failureMessages":[],"meta":{}},{"ancestorTitles":["TerminalSearchPanel"],"fullName":"TerminalSearchPanel closes on escape and via close button","status":"passed","title":"closes on escape and via close button","duration":4.627875000000131,"failureMessages":[],"meta":{}},{"ancestorTitles":["TerminalSearchPanel"],"fullName":"TerminalSearchPanel forwards refs to the search container","status":"passed","title":"forwards refs to the search container","duration":2.980709000000388,"failureMessages":[],"meta":{}}],"startTime":1759749957129,"endTime":1759749957159.9807,"status":"passed","message":"","name":"/Users/marius.wichtner/Documents/git/schaltwerk/.schaltwerk/worktrees/sharp_easley/src/components/terminal/TerminalSearchPanel.test.tsx"},{"assertionResults":[{"ancestorTitles":["UnifiedBottomBar logic","canCloseTab"],"fullName":"UnifiedBottomBar logic canCloseTab should not allow closing the run tab","status":"passed","title":"should not allow closing the run tab","duration":0.6054169999988517,"failureMessages":[],"meta":{}},{"ancestorTitles":["UnifiedBottomBar logic","canCloseTab"],"fullName":"UnifiedBottomBar logic canCloseTab should not allow closing the last non-run tab","status":"passed","title":"should not allow closing the last non-run tab","duration":0.08504199999879347,"failureMessages":[],"meta":{}},{"ancestorTitles":["UnifiedBottomBar logic","canCloseTab"],"fullName":"UnifiedBottomBar logic canCloseTab should allow closing a non-run tab when multiple exist","status":"passed","title":"should allow closing a non-run tab when multiple exist","duration":0.050416000000041095,"failureMessages":[],"meta":{}},{"ancestorTitles":["UnifiedBottomBar logic","canCloseTab"],"fullName":"UnifiedBottomBar logic canCloseTab should allow closing tabs when no run tab exists","status":"passed","title":"should allow closing tabs when no run tab exists","duration":0.053374999999505235,"failureMessages":[],"meta":{}},{"ancestorTitles":["UnifiedBottomBar logic","isRunTab"],"fullName":"UnifiedBottomBar logic isRunTab should identify run tabs correctly","status":"passed","title":"should identify run tabs correctly","duration":0.12045799999941664,"failureMessages":[],"meta":{}},{"ancestorTitles":["UnifiedBottomBar logic","isRunTab"],"fullName":"UnifiedBottomBar logic isRunTab should identify non-run tabs correctly","status":"passed","title":"should identify non-run tabs correctly","duration":0.06124999999883585,"failureMessages":[],"meta":{}},{"ancestorTitles":["UnifiedBottomBar logic","getRunButtonIcon"],"fullName":"UnifiedBottomBar logic getRunButtonIcon should return stop icon when running","status":"passed","title":"should return stop icon when running","duration":0.04991700000027777,"failureMessages":[],"meta":{}},{"ancestorTitles":["UnifiedBottomBar logic","getRunButtonIcon"],"fullName":"UnifiedBottomBar logic getRunButtonIcon should return play icon when not running","status":"passed","title":"should return play icon when not running","duration":0.033625000000029104,"failureMessages":[],"meta":{}},{"ancestorTitles":["UnifiedBottomBar logic","getRunButtonLabel"],"fullName":"UnifiedBottomBar logic getRunButtonLabel should return Stop when running","status":"passed","title":"should return Stop when running","duration":0.04666700000052515,"failureMessages":[],"meta":{}},{"ancestorTitles":["UnifiedBottomBar logic","getRunButtonLabel"],"fullName":"UnifiedBottomBar logic getRunButtonLabel should return Run when not running","status":"passed","title":"should return Run when not running","duration":0.05145799999991141,"failureMessages":[],"meta":{}},{"ancestorTitles":["UnifiedBottomBar logic","getRunButtonTooltip"],"fullName":"UnifiedBottomBar logic getRunButtonTooltip should return stop tooltip when running","status":"passed","title":"should return stop tooltip when running","duration":0.044292000000496046,"failureMessages":[],"meta":{}},{"ancestorTitles":["UnifiedBottomBar logic","getRunButtonTooltip"],"fullName":"UnifiedBottomBar logic getRunButtonTooltip should return run tooltip when not running","status":"passed","title":"should return run tooltip when not running","duration":0.02895900000112306,"failureMessages":[],"meta":{}}],"startTime":1759749960510,"endTime":1759749960512.029,"status":"passed","message":"","name":"/Users/marius.wichtner/Documents/git/schaltwerk/.schaltwerk/worktrees/sharp_easley/src/components/terminal/UnifiedBottomBar.logic.test.ts"},{"assertionResults":[{"ancestorTitles":["splitDragCoordinator"],"fullName":"splitDragCoordinator adds the split dragging class on first begin","status":"passed","title":"adds the split dragging class on first begin","duration":1.0643749999999272,"failureMessages":[],"meta":{}},{"ancestorTitles":["splitDragCoordinator"],"fullName":"splitDragCoordinator maintains the class until all sources release it","status":"passed","title":"maintains the class until all sources release it","duration":0.2970000000004802,"failureMessages":[],"meta":{}},{"ancestorTitles":["splitDragCoordinator"],"fullName":"splitDragCoordinator handles repeated begin calls from the same source","status":"passed","title":"handles repeated begin calls from the same source","duration":0.18354200000067067,"failureMessages":[],"meta":{}},{"ancestorTitles":["splitDragCoordinator"],"fullName":"splitDragCoordinator is resilient to unmatched end calls","status":"passed","title":"is resilient to unmatched end calls","duration":0.14183300000149757,"failureMessages":[],"meta":{}}],"startTime":1759749960295,"endTime":1759749960296.297,"status":"passed","message":"","name":"/Users/marius.wichtner/Documents/git/schaltwerk/.schaltwerk/worktrees/sharp_easley/src/utils/__tests__/splitDragCoordinator.test.ts"},{"assertionResults":[{"ancestorTitles":["GithubMenuButton"],"fullName":"GithubMenuButton shows CLI install prompt when gh is missing","status":"passed","title":"shows CLI install prompt when gh is missing","duration":26.625583000000006,"failureMessages":[],"meta":{}},{"ancestorTitles":["GithubMenuButton"],"fullName":"GithubMenuButton shows authentication instructions when not authenticated","status":"passed","title":"shows authentication instructions when not authenticated","duration":8.073250000000371,"failureMessages":[],"meta":{}},{"ancestorTitles":["GithubMenuButton"],"fullName":"GithubMenuButton displays connected repository details","status":"passed","title":"displays connected repository details","duration":5.597917000000052,"failureMessages":[],"meta":{}}],"startTime":1759749956621,"endTime":1759749956660.598,"status":"passed","message":"","name":"/Users/marius.wichtner/Documents/git/schaltwerk/.schaltwerk/worktrees/sharp_easley/src/components/github/__tests__/GithubMenuButton.test.tsx"},{"assertionResults":[{"ancestorTitles":["DiffSessionActions"],"fullName":"DiffSessionActions renders session controls and marks session ready when auto-commit is enabled","status":"passed","title":"renders session controls and marks session ready when auto-commit is enabled","duration":24.65662499999962,"failureMessages":[],"meta":{}},{"ancestorTitles":["DiffSessionActions"],"fullName":"DiffSessionActions hides mark reviewed when session cannot be marked","status":"passed","title":"hides mark reviewed when session cannot be marked","duration":1.614332999999533,"failureMessages":[],"meta":{}},{"ancestorTitles":["DiffSessionActions"],"fullName":"DiffSessionActions confirms discard and calls underlying command","status":"passed","title":"confirms discard and calls underlying command","duration":11.316375000000335,"failureMessages":[],"meta":{}},{"ancestorTitles":["DiffSessionActions"],"fullName":"DiffSessionActions resets the session worktree after confirmation","status":"passed","title":"resets the session worktree after confirmation","duration":12.91674999999941,"failureMessages":[],"meta":{}}],"startTime":1759749956189,"endTime":1759749956239.9167,"status":"passed","message":"","name":"/Users/marius.wichtner/Documents/git/schaltwerk/.schaltwerk/worktrees/sharp_easley/src/components/diff/__tests__/DiffSessionActions.test.tsx"},{"assertionResults":[{"ancestorTitles":["SessionActions – GitHub PR button"],"fullName":"SessionActions – GitHub PR button disables the PR button when integration is not ready","status":"passed","title":"disables the PR button when integration is not ready","duration":10.248916999999892,"failureMessages":[],"meta":{}},{"ancestorTitles":["SessionActions – GitHub PR button"],"fullName":"SessionActions – GitHub PR button creates a PR and shows success toast","status":"passed","title":"creates a PR and shows success toast","duration":6.514125000000149,"failureMessages":[],"meta":{}},{"ancestorTitles":["SessionActions – GitHub PR button"],"fullName":"SessionActions – GitHub PR button shows an error toast when PR creation fails","status":"passed","title":"shows an error toast when PR creation fails","duration":54.02858300000025,"failureMessages":[],"meta":{}}],"startTime":1759749955634,"endTime":1759749955704.0286,"status":"passed","message":"","name":"/Users/marius.wichtner/Documents/git/schaltwerk/.schaltwerk/worktrees/sharp_easley/src/components/session/__tests__/SessionActions.test.tsx"},{"assertionResults":[{"ancestorTitles":["SettingsArchivesSection"],"fullName":"SettingsArchivesSection renders loading indicator while fetching archives","status":"passed","title":"renders loading indicator while fetching archives","duration":17.38274999999976,"failureMessages":[],"meta":{}},{"ancestorTitles":["SettingsArchivesSection"],"fullName":"SettingsArchivesSection renders archives and notifies parent when a spec is selected","status":"passed","title":"renders archives and notifies parent when a spec is selected","duration":16.39183299999968,"failureMessages":[],"meta":{}},{"ancestorTitles":["SettingsArchivesSection"],"fullName":"SettingsArchivesSection shows empty state when no archives are returned","status":"passed","title":"shows empty state when no archives are returned","duration":4.763707999999497,"failureMessages":[],"meta":{}},{"ancestorTitles":["SettingsArchivesSection"],"fullName":"SettingsArchivesSection prevents state updates after unmounting during fetch","status":"passed","title":"prevents state updates after unmounting during fetch","duration":1.6965000000000146,"failureMessages":[],"meta":{}}],"startTime":1759749956359,"endTime":1759749956398.6965,"status":"passed","message":"","name":"/Users/marius.wichtner/Documents/git/schaltwerk/.schaltwerk/worktrees/sharp_easley/src/components/settings/__tests__/SettingsArchivesSection.test.tsx"}]}